Determining if the pthread_create exist failed with the following output:
Change Dir: /home/lucas/Dropbox/ROS_Class_New/workspace/src/irobotcreate/cmake-build-debug/CMakeFiles/CMakeTmp

Run Build Command:"/usr/bin/make" "cmTC_942ac/fast"
/usr/bin/make -f CMakeFiles/cmTC_942ac.dir/build.make CMakeFiles/cmTC_942ac.dir/build
make[1]: Entering directory `/home/lucas/Dropbox/ROS_Class_New/workspace/src/irobotcreate/cmake-build-debug/CMakeFiles/CMakeTmp'
Building C object CMakeFiles/cmTC_942ac.dir/CheckSymbolExists.c.o
/usr/bin/cc     -o CMakeFiles/cmTC_942ac.dir/CheckSymbolExists.c.o   -c /home/lucas/Dropbox/ROS_Class_New/workspace/src/irobotcreate/cmake-build-debug/CMakeFiles/CMakeTmp/CheckSymbolExists.c
Linking C executable cmTC_942ac
/home/lucas/IDEs/CLion/bin/cmake/bin/cmake -E cmake_link_script CMakeFiles/cmTC_942ac.dir/link.txt --verbose=1
/usr/bin/cc       CMakeFiles/cmTC_942ac.dir/CheckSymbolExists.c.o  -o cmTC_942ac -rdynamic 
CMakeFiles/cmTC_942ac.dir/CheckSymbolExists.c.o: In function `main':
CheckSymbolExists.c:(.text+0x16): undefined reference to `pthread_create'
collect2: error: ld returned 1 exit status
make[1]: *** [cmTC_942ac] Error 1
make[1]: Leaving directory `/home/lucas/Dropbox/ROS_Class_New/workspace/src/irobotcreate/cmake-build-debug/CMakeFiles/CMakeTmp'
make: *** [cmTC_942ac/fast] Error 2

File /home/lucas/Dropbox/ROS_Class_New/workspace/src/irobotcreate/cmake-build-debug/CMakeFiles/CMakeTmp/CheckSymbolExists.c:
/* */
#include <pthread.h>

int main(int argc, char** argv)
{
  (void)argv;
#ifndef pthread_create
  return ((int*)(&pthread_create))[argc];
#else
  (void)argc;
  return 0;
#endif
}

Determining if the function pthread_create exists in the pthreads failed with the following output:
Change Dir: /home/lucas/Dropbox/ROS_Class_New/workspace/src/irobotcreate/cmake-build-debug/CMakeFiles/CMakeTmp

Run Build Command:"/usr/bin/make" "cmTC_66473/fast"
/usr/bin/make -f CMakeFiles/cmTC_66473.dir/build.make CMakeFiles/cmTC_66473.dir/build
make[1]: Entering directory `/home/lucas/Dropbox/ROS_Class_New/workspace/src/irobotcreate/cmake-build-debug/CMakeFiles/CMakeTmp'
Building C object CMakeFiles/cmTC_66473.dir/CheckFunctionExists.c.o
/usr/bin/cc    -DCHECK_FUNCTION_EXISTS=pthread_create   -o CMakeFiles/cmTC_66473.dir/CheckFunctionExists.c.o   -c /home/lucas/IDEs/CLion/bin/cmake/share/cmake-3.6/Modules/CheckFunctionExists.c
Linking C executable cmTC_66473
/home/lucas/IDEs/CLion/bin/cmake/bin/cmake -E cmake_link_script CMakeFiles/cmTC_66473.dir/link.txt --verbose=1
/usr/bin/cc   -DCHECK_FUNCTION_EXISTS=pthread_create    CMakeFiles/cmTC_66473.dir/CheckFunctionExists.c.o  -o cmTC_66473 -rdynamic -lpthreads 
/usr/bin/ld: cannot find -lpthreads
collect2: error: ld returned 1 exit status
make[1]: *** [cmTC_66473] Error 1
make[1]: Leaving directory `/home/lucas/Dropbox/ROS_Class_New/workspace/src/irobotcreate/cmake-build-debug/CMakeFiles/CMakeTmp'
make: *** [cmTC_66473/fast] Error 2


